<?xml version="1.0" encoding="UTF-8"?>
<testng-results skipped="0" failed="0" total="2" passed="2">
  <reporter-output>
  </reporter-output>
  <suite name="Default Suite" duration-ms="38391" started-at="2021-05-19T14:06:57Z" finished-at="2021-05-19T14:07:35Z">
    <groups>
    </groups>
    <test name="Selenium2021_0428" duration-ms="38391" started-at="2021-05-19T14:06:57Z" finished-at="2021-05-19T14:07:35Z">
      <class name="selenium.GridTest">
        <test-method status="PASS" signature="testGrid2(java.lang.String)[pri:0, instance:selenium.GridTest@3e6358]" name="testGrid2" duration-ms="22361" started-at="2021-05-19T22:06:57Z" data-provider="data4" finished-at="2021-05-19T22:07:19Z">
          <params>
            <param index="0">
              <value>
                <![CDATA[firefox]]>
              </value>
            </param>
          </params>
          <reporter-output>
          </reporter-output>
        </test-method> <!-- testGrid2 -->
        <test-method status="PASS" signature="testGrid2(java.lang.String)[pri:0, instance:selenium.GridTest@3e6358]" name="testGrid2" duration-ms="16008" started-at="2021-05-19T22:07:19Z" data-provider="data4" finished-at="2021-05-19T22:07:35Z">
          <params>
            <param index="0">
              <value>
                <![CDATA[internetExplorer]]>
              </value>
            </param>
          </params>
          <reporter-output>
          </reporter-output>
        </test-method> <!-- testGrid2 -->
      </class> <!-- selenium.GridTest -->
    </test> <!-- Selenium2021_0428 -->
  </suite> <!-- Default Suite -->
</testng-results>
